app/build/intermediates/manifest_merge_blame_file/debug/manifest-merger-blame-debug-report.txt
1<?xml version="1.0" encoding="utf-8"?>
2<manifest xmlns:android="http://schemas.android.com/apk/res/android"
3    package="com.example.projectmobile"
4    android:versionCode="1"
5    android:versionName="1.0" >
6
7    <uses-sdk
8        android:minSdkVersion="18"
8-->src\main\AndroidManifest.xml
9        android:targetSdkVersion="29" />
9-->src\main\AndroidManifest.xml
10
11    <uses-permission android:name="android.permission.INTERNET" />
11-->src\main\AndroidManifest.xml:5:5-67
11-->src\main\AndroidManifest.xml:5:22-64
12
13    <!-- Although the *SdkVersion is captured in gradle build files, this is required for non gradle builds -->
14    <!-- <uses-sdk android:minSdkVersion="14"/> -->
15    <uses-permission android:name="android.permission.ACCESS_NETWORK_STATE" />
15-->[com.google.firebase:firebase-database:19.3.0] AndroidManifest.xml:25:5-79
15-->[com.google.firebase:firebase-database:19.3.0] AndroidManifest.xml:25:22-76
16    <uses-permission android:name="android.permission.WAKE_LOCK" />
16-->[com.google.android.gms:play-services-measurement:17.4.1] AndroidManifest.xml:25:5-68
16-->[com.google.android.gms:play-services-measurement:17.4.1] AndroidManifest.xml:25:22-65
17    <uses-permission android:name="com.google.android.finsky.permission.BIND_GET_INSTALL_REFERRER_SERVICE" /> <!-- Required by older versions of Google Play services to create IID tokens -->
17-->[com.google.android.gms:play-services-measurement:17.4.1] AndroidManifest.xml:26:5-110
17-->[com.google.android.gms:play-services-measurement:17.4.1] AndroidManifest.xml:26:22-107
18    <uses-permission android:name="com.google.android.c2dm.permission.RECEIVE" />
18-->[com.google.firebase:firebase-iid:20.1.5] AndroidManifest.xml:26:5-82
18-->[com.google.firebase:firebase-iid:20.1.5] AndroidManifest.xml:26:22-79
19
20    <application
20-->src\main\AndroidManifest.xml:7:5-33:19
21        android:allowBackup="true"
21-->src\main\AndroidManifest.xml:8:9-35
22        android:appComponentFactory="androidx.core.app.CoreComponentFactory"
22-->[androidx.core:core:1.1.0] AndroidManifest.xml:24:18-86
23        android:debuggable="true"
24        android:icon="@drawable/logo2"
24-->src\main\AndroidManifest.xml:9:9-39
25        android:label="MASAK KUY"
25-->src\main\AndroidManifest.xml:10:9-34
26        android:supportsRtl="true"
26-->src\main\AndroidManifest.xml:11:9-35
27        android:theme="@style/AppTheme" >
27-->src\main\AndroidManifest.xml:12:9-40
28        <activity android:name="com.example.projectmobile.Loading_PopUp" />
28-->src\main\AndroidManifest.xml:13:9-60
28-->src\main\AndroidManifest.xml:13:19-48
29        <activity android:name="com.example.projectmobile.helpActivity" />
29-->src\main\AndroidManifest.xml:14:9-50
29-->src\main\AndroidManifest.xml:14:19-47
30        <activity android:name="com.example.projectmobile.ppActivity" />
30-->src\main\AndroidManifest.xml:15:9-48
30-->src\main\AndroidManifest.xml:15:19-45
31        <activity android:name="com.example.projectmobile.dmActivity" />
31-->src\main\AndroidManifest.xml:16:9-48
31-->src\main\AndroidManifest.xml:16:19-45
32        <activity android:name="com.example.projectmobile.accountEditActivity" />
32-->src\main\AndroidManifest.xml:17:9-57
32-->src\main\AndroidManifest.xml:17:19-54
33        <activity android:name="com.example.projectmobile.homeFragment" />
33-->src\main\AndroidManifest.xml:18:9-50
33-->src\main\AndroidManifest.xml:18:19-47
34        <activity android:name="com.example.projectmobile.DetailsRecipe" />
34-->src\main\AndroidManifest.xml:19:9-51
34-->src\main\AndroidManifest.xml:19:19-48
35        <activity android:name="com.example.projectmobile.DisplayRecipe" />
35-->src\main\AndroidManifest.xml:20:9-51
35-->src\main\AndroidManifest.xml:20:19-48
36        <activity android:name="com.example.projectmobile.My_Recipee" />
36-->src\main\AndroidManifest.xml:21:9-48
36-->src\main\AndroidManifest.xml:21:19-45
37        <activity android:name="com.example.projectmobile.about_us" />
37-->src\main\AndroidManifest.xml:22:9-46
37-->src\main\AndroidManifest.xml:22:19-43
38        <activity android:name="com.example.projectmobile.Menu_login" />
38-->src\main\AndroidManifest.xml:23:9-48
38-->src\main\AndroidManifest.xml:23:19-45
39        <activity android:name="com.example.projectmobile.Signup" />
39-->src\main\AndroidManifest.xml:24:9-44
39-->src\main\AndroidManifest.xml:24:19-41
40        <activity android:name="com.example.projectmobile.SecondActivity" />
40-->src\main\AndroidManifest.xml:25:9-52
40-->src\main\AndroidManifest.xml:25:19-49
41        <activity android:name="com.example.projectmobile.MainActivity" >
41-->src\main\AndroidManifest.xml:26:9-32:20
41-->src\main\AndroidManifest.xml:26:19-47
42            <intent-filter>
42-->src\main\AndroidManifest.xml:27:13-31:29
43                <action android:name="android.intent.action.MAIN" />
43-->src\main\AndroidManifest.xml:28:17-69
43-->src\main\AndroidManifest.xml:28:25-66
44
45                <category android:name="android.intent.category.LAUNCHER" />
45-->src\main\AndroidManifest.xml:30:17-77
45-->src\main\AndroidManifest.xml:30:27-74
46            </intent-filter>
47        </activity>
48        <activity
48-->[com.google.firebase:firebase-auth:19.3.1] AndroidManifest.xml:24:9-31:50
49            android:name="com.google.firebase.auth.internal.FederatedSignInActivity"
49-->[com.google.firebase:firebase-auth:19.3.1] AndroidManifest.xml:25:13-85
50            android:excludeFromRecents="true"
50-->[com.google.firebase:firebase-auth:19.3.1] AndroidManifest.xml:26:13-46
51            android:exported="true"
51-->[com.google.firebase:firebase-auth:19.3.1] AndroidManifest.xml:27:13-36
52            android:launchMode="singleTask"
52-->[com.google.firebase:firebase-auth:19.3.1] AndroidManifest.xml:28:13-44
53            android:permission="com.google.firebase.auth.api.gms.permission.LAUNCH_FEDERATED_SIGN_IN"
53-->[com.google.firebase:firebase-auth:19.3.1] AndroidManifest.xml:29:13-102
54            android:theme="@android:style/Theme.Translucent.NoTitleBar" />
54-->[com.google.firebase:firebase-auth:19.3.1] AndroidManifest.xml:30:13-72
55
56        <service
56-->[com.google.firebase:firebase-auth:19.3.1] AndroidManifest.xml:33:9-39:19
57            android:name="com.google.firebase.components.ComponentDiscoveryService"
57-->[com.google.firebase:firebase-auth:19.3.1] AndroidManifest.xml:34:13-84
58            android:directBootAware="true"
58-->[com.google.firebase:firebase-common:19.3.0] AndroidManifest.xml:34:13-43
59            android:exported="false" >
59-->[com.google.firebase:firebase-auth:19.3.1] AndroidManifest.xml:35:13-37
60            <meta-data
60-->[com.google.firebase:firebase-auth:19.3.1] AndroidManifest.xml:36:13-38:85
61                android:name="com.google.firebase.components:com.google.firebase.auth.FirebaseAuthRegistrar"
61-->[com.google.firebase:firebase-auth:19.3.1] AndroidManifest.xml:37:17-109
62                android:value="com.google.firebase.components.ComponentRegistrar" />
62-->[com.google.firebase:firebase-auth:19.3.1] AndroidManifest.xml:38:17-82
63            <meta-data
63-->[com.google.firebase:firebase-database:19.3.0] AndroidManifest.xml:32:13-34:85
64                android:name="com.google.firebase.components:com.google.firebase.database.DatabaseRegistrar"
64-->[com.google.firebase:firebase-database:19.3.0] AndroidManifest.xml:33:17-109
65                android:value="com.google.firebase.components.ComponentRegistrar" />
65-->[com.google.firebase:firebase-database:19.3.0] AndroidManifest.xml:34:17-82
66            <meta-data
66-->[com.google.android.gms:play-services-measurement-api:17.4.1] AndroidManifest.xml:30:13-32:85
67                android:name="com.google.firebase.components:com.google.firebase.analytics.connector.internal.AnalyticsConnectorRegistrar"
67-->[com.google.android.gms:play-services-measurement-api:17.4.1] AndroidManifest.xml:31:17-139
68                android:value="com.google.firebase.components.ComponentRegistrar" />
68-->[com.google.android.gms:play-services-measurement-api:17.4.1] AndroidManifest.xml:32:17-82
69            <meta-data
69-->[com.google.firebase:firebase-iid:20.1.5] AndroidManifest.xml:32:13-34:85
70                android:name="com.google.firebase.components:com.google.firebase.iid.Registrar"
70-->[com.google.firebase:firebase-iid:20.1.5] AndroidManifest.xml:33:17-96
71                android:value="com.google.firebase.components.ComponentRegistrar" />
71-->[com.google.firebase:firebase-iid:20.1.5] AndroidManifest.xml:34:17-82
72            <meta-data
72-->[com.google.firebase:firebase-installations:16.2.1] AndroidManifest.xml:17:13-19:85
73                android:name="com.google.firebase.components:com.google.firebase.installations.FirebaseInstallationsRegistrar"
73-->[com.google.firebase:firebase-installations:16.2.1] AndroidManifest.xml:18:17-127
74                android:value="com.google.firebase.components.ComponentRegistrar" />
74-->[com.google.firebase:firebase-installations:16.2.1] AndroidManifest.xml:19:17-82
75        </service>
76
77        <receiver
77-->[com.google.android.gms:play-services-measurement:17.4.1] AndroidManifest.xml:29:9-33:20
78            android:name="com.google.android.gms.measurement.AppMeasurementReceiver"
78-->[com.google.android.gms:play-services-measurement:17.4.1] AndroidManifest.xml:30:13-85
79            android:enabled="true"
79-->[com.google.android.gms:play-services-measurement:17.4.1] AndroidManifest.xml:31:13-35
80            android:exported="false" >
80-->[com.google.android.gms:play-services-measurement:17.4.1] AndroidManifest.xml:32:13-37
81        </receiver>
82
83        <service
83-->[com.google.android.gms:play-services-measurement:17.4.1] AndroidManifest.xml:35:9-38:40
84            android:name="com.google.android.gms.measurement.AppMeasurementService"
84-->[com.google.android.gms:play-services-measurement:17.4.1] AndroidManifest.xml:36:13-84
85            android:enabled="true"
85-->[com.google.android.gms:play-services-measurement:17.4.1] AndroidManifest.xml:37:13-35
86            android:exported="false" />
86-->[com.google.android.gms:play-services-measurement:17.4.1] AndroidManifest.xml:38:13-37
87        <service
87-->[com.google.android.gms:play-services-measurement:17.4.1] AndroidManifest.xml:39:9-43:72
88            android:name="com.google.android.gms.measurement.AppMeasurementJobService"
88-->[com.google.android.gms:play-services-measurement:17.4.1] AndroidManifest.xml:40:13-87
89            android:enabled="true"
89-->[com.google.android.gms:play-services-measurement:17.4.1] AndroidManifest.xml:41:13-35
90            android:exported="false"
90-->[com.google.android.gms:play-services-measurement:17.4.1] AndroidManifest.xml:42:13-37
91            android:permission="android.permission.BIND_JOB_SERVICE" />
91-->[com.google.android.gms:play-services-measurement:17.4.1] AndroidManifest.xml:43:13-69
92
93        <receiver
93-->[com.google.firebase:firebase-iid:20.1.5] AndroidManifest.xml:37:9-44:20
94            android:name="com.google.firebase.iid.FirebaseInstanceIdReceiver"
94-->[com.google.firebase:firebase-iid:20.1.5] AndroidManifest.xml:38:13-78
95            android:exported="true"
95-->[com.google.firebase:firebase-iid:20.1.5] AndroidManifest.xml:39:13-36
96            android:permission="com.google.android.c2dm.permission.SEND" >
96-->[com.google.firebase:firebase-iid:20.1.5] AndroidManifest.xml:40:13-73
97            <intent-filter>
97-->[com.google.firebase:firebase-iid:20.1.5] AndroidManifest.xml:41:13-43:29
98                <action android:name="com.google.android.c2dm.intent.RECEIVE" />
98-->[com.google.firebase:firebase-iid:20.1.5] AndroidManifest.xml:42:17-81
98-->[com.google.firebase:firebase-iid:20.1.5] AndroidManifest.xml:42:25-78
99            </intent-filter>
100        </receiver>
101
102        <provider
102-->[com.google.firebase:firebase-common:19.3.0] AndroidManifest.xml:26:9-30:39
103            android:name="com.google.firebase.provider.FirebaseInitProvider"
103-->[com.google.firebase:firebase-common:19.3.0] AndroidManifest.xml:27:13-77
104            android:authorities="com.example.projectmobile.firebaseinitprovider"
104-->[com.google.firebase:firebase-common:19.3.0] AndroidManifest.xml:28:13-72
105            android:exported="false"
105-->[com.google.firebase:firebase-common:19.3.0] AndroidManifest.xml:29:13-37
106            android:initOrder="100" />
106-->[com.google.firebase:firebase-common:19.3.0] AndroidManifest.xml:30:13-36
107
108        <activity
108-->[com.google.android.gms:play-services-base:17.1.0] AndroidManifest.xml:23:9-26:75
109            android:name="com.google.android.gms.common.api.GoogleApiActivity"
109-->[com.google.android.gms:play-services-base:17.1.0] AndroidManifest.xml:24:13-79
110            android:exported="false"
110-->[com.google.android.gms:play-services-base:17.1.0] AndroidManifest.xml:25:13-37
111            android:theme="@android:style/Theme.Translucent.NoTitleBar" />
111-->[com.google.android.gms:play-services-base:17.1.0] AndroidManifest.xml:26:13-72
112
113        <meta-data
113-->[com.google.android.gms:play-services-basement:17.0.0] AndroidManifest.xml:23:9-25:69
114            android:name="com.google.android.gms.version"
114-->[com.google.android.gms:play-services-basement:17.0.0] AndroidManifest.xml:24:13-58
115            android:value="@integer/google_play_services_version" />
115-->[com.google.android.gms:play-services-basement:17.0.0] AndroidManifest.xml:25:13-66
116    </application>
117
118</manifest>